<?xml version="1.0" encoding="UTF-8"?>
<!-- Generated by org.testng.reporters.JUnitReportReporter -->
<testsuite skipped="0" hostname="BLRPC12" name="com.mobil.qa.testcases.HomePageTest" tests="2" failures="0" timestamp="07 Aug 2020 12:12:33 GMT" time="14.935" errors="0">
  <testcase name="verifyhomepagtitletest" time="7.441" classname="com.mobil.qa.testcases.HomePageTest"/>
  <testcase name="clickontodaytest" time="7.494" classname="com.mobil.qa.testcases.HomePageTest"/>
</testsuite> <!-- com.mobil.qa.testcases.HomePageTest -->
