<?xml version="1.0" encoding="UTF-8"?>
<!-- Generated by org.testng.reporters.JUnitReportReporter -->
<testsuite skipped="0" hostname="BLRPC12" name="com.mobil.qa.testcases.PrintpopuppageTest" tests="2" failures="0" timestamp="13 Aug 2020 12:43:33 GMT" time="22.728" errors="0">
  <testcase name="verifyprintpopuppagetitletest" time="7.724" classname="com.mobil.qa.testcases.PrintpopuppageTest"/>
  <testcase name="createmobilproentrytest" time="15.004" classname="com.mobil.qa.testcases.PrintpopuppageTest"/>
</testsuite> <!-- com.mobil.qa.testcases.PrintpopuppageTest -->
