<?xml version="1.0" encoding="UTF-8"?>
<!-- Generated by org.testng.reporters.JUnitReportReporter -->
<testsuite hostname="BLRPC12" failures="0" tests="1" name="com.mobil.qa.testcases.PrintpopuppageTest" time="19.427" errors="0" timestamp="15 Aug 2020 05:39:27 GMT" skipped="0">
  <testcase classname="com.mobil.qa.testcases.PrintpopuppageTest" name="verifyprintpopuppagetitletest" time="19.427"/>
</testsuite> <!-- com.mobil.qa.testcases.PrintpopuppageTest -->
