<?xml version="1.0" encoding="UTF-8"?>
<!-- Generated by org.testng.reporters.JUnitReportReporter -->
<testsuite hostname="BLRPC12" failures="0" tests="1" name="com.mobil.qa.testcases.HomePageTest" time="7.065" errors="0" timestamp="15 Aug 2020 05:39:27 GMT" skipped="0">
  <testcase classname="com.mobil.qa.testcases.HomePageTest" name="verifyhomepagtitletest" time="7.065"/>
</testsuite> <!-- com.mobil.qa.testcases.HomePageTest -->
